<?xml version="1.0" encoding="UTF-8"?>
<testng-results ignored="0" total="1" passed="1" failed="0" skipped="0">
  <reporter-output>
  </reporter-output>
  <suite started-at="2021-01-06T08:53:36Z" name="Surefire suite" finished-at="2021-01-06T08:53:36Z" duration-ms="149">
    <groups>
    </groups>
    <test started-at="2021-01-06T08:53:36Z" name="Surefire test" finished-at="2021-01-06T08:53:36Z" duration-ms="149">
      <class name="com.durgasoft.selenium_maven.AppTest">
        <test-method signature="shouldAnswerWithTrue()" started-at="2021-01-06T08:53:36Z" name="shouldAnswerWithTrue" finished-at="2021-01-06T08:53:36Z" duration-ms="20" status="PASS">
          <reporter-output>
          </reporter-output>
        </test-method> <!-- shouldAnswerWithTrue -->
      </class> <!-- com.durgasoft.selenium_maven.AppTest -->
    </test> <!-- Surefire test -->
  </suite> <!-- Surefire suite -->
</testng-results>
